commit a45e5985529dc4c4d57f95fc9940ca598a1c6bd1
Author: skukkar <s.kukkar@boutiqaat.com>
Date:   Mon May 20 11:34:57 2019 +0530

    remove color formatting

commit 3c792c47ec6336adcdbae11f362dedda1fb25789
Author: skukkar <s.kukkar@boutiqaat.com>
Date:   Sun May 19 14:26:04 2019 +0530

    error handling done

commit e62eb7ffd7d3437d55859f638b13146ff7817b0e
Author: skukkar <s.kukkar@boutiqaat.com>
Date:   Sun May 19 13:02:30 2019 +0530

    task working

commit 09f968d37fe1d503d4e5043ace89b7a8babed4dc
Author: skukkar <s.kukkar@boutiqaat.com>
Date:   Sun May 19 11:50:07 2019 +0530

    parking lot created need helper function now

commit 5978588519da0732a3a9c6a2328bf639782b5a84
Author: sahil kukkar <sahil.kukkar99@gmail.com>
Date:   Mon May 13 11:43:02 2019 +0530

    Initial commit
